

============================== 2022-10-11 21:06:36.383861 | 1c25a5b1-f68d-4252-af97-497365e7e5b2 ==============================
[0m21:06:36.383861 [info ] [MainThread]: Running with dbt=1.2.2
[0m21:06:36.385448 [debug] [MainThread]: running dbt with arguments {'write_json': True, 'use_colors': True, 'printer_width': 80, 'version_check': True, 'partial_parse': True, 'static_parser': True, 'profiles_dir': 'C:\\Users\\azato\\.dbt', 'send_anonymous_usage_stats': True, 'event_buffer_size': 100000, 'quiet': False, 'no_print': False, 'project_name': 'demo_dbt', 'skip_profile_setup': False, 'which': 'init', 'indirect_selection': 'eager'}
[0m21:06:36.385448 [debug] [MainThread]: Tracking: tracking
[0m21:06:36.393938 [debug] [MainThread]: Sending event: {'category': 'dbt', 'action': 'invocation', 'label': 'start', 'context': [<snowplow_tracker.self_describing_json.SelfDescribingJson object at 0x000001806973BB50>, <snowplow_tracker.self_describing_json.SelfDescribingJson object at 0x000001806973B6D0>, <snowplow_tracker.self_describing_json.SelfDescribingJson object at 0x000001806973BA90>]}
[0m21:06:36.396443 [debug] [MainThread]: Starter project path: c:\users\azato\appdata\local\programs\python\python39\lib\site-packages\dbt\include\starter_project


============================== 2022-10-12 14:01:14.855389 | 08732355-db26-4f4e-a479-4128ee42322e ==============================
[0m14:01:14.855389 [info ] [MainThread]: Running with dbt=1.2.2
[0m14:01:14.856711 [debug] [MainThread]: running dbt with arguments {'write_json': True, 'use_colors': True, 'printer_width': 80, 'version_check': True, 'partial_parse': True, 'static_parser': True, 'profiles_dir': 'C:\\Users\\azato\\.dbt', 'send_anonymous_usage_stats': True, 'event_buffer_size': 100000, 'quiet': False, 'no_print': False, 'config_dir': False, 'which': 'debug', 'indirect_selection': 'eager'}
[0m14:01:14.856711 [debug] [MainThread]: Tracking: tracking
[0m14:01:14.865932 [debug] [MainThread]: Sending event: {'category': 'dbt', 'action': 'invocation', 'label': 'start', 'context': [<snowplow_tracker.self_describing_json.SelfDescribingJson object at 0x000002D491D6CCA0>, <snowplow_tracker.self_describing_json.SelfDescribingJson object at 0x000002D491D6C820>, <snowplow_tracker.self_describing_json.SelfDescribingJson object at 0x000002D491D6CBE0>]}
[0m14:01:17.511645 [debug] [MainThread]: Executing "git --help"
[0m14:01:17.566647 [debug] [MainThread]: STDOUT: "b"usage: git [--version] [--help] [-C <path>] [-c <name>=<value>]\n           [--exec-path[=<path>]] [--html-path] [--man-path] [--info-path]\n           [-p | --paginate | -P | --no-pager] [--no-replace-objects] [--bare]\n           [--git-dir=<path>] [--work-tree=<path>] [--namespace=<name>]\n           [--super-prefix=<path>] [--config-env=<name>=<envvar>]\n           <command> [<args>]\n\nThese are common Git commands used in various situations:\n\nstart a working area (see also: git help tutorial)\n   clone             Clone a repository into a new directory\n   init              Create an empty Git repository or reinitialize an existing one\n\nwork on the current change (see also: git help everyday)\n   add               Add file contents to the index\n   mv                Move or rename a file, a directory, or a symlink\n   restore           Restore working tree files\n   rm                Remove files from the working tree and from the index\n   sparse-checkout   Initialize and modify the sparse-checkout\n\nexamine the history and state (see also: git help revisions)\n   bisect            Use binary search to find the commit that introduced a bug\n   diff              Show changes between commits, commit and working tree, etc\n   grep              Print lines matching a pattern\n   log               Show commit logs\n   show              Show various types of objects\n   status            Show the working tree status\n\ngrow, mark and tweak your common history\n   branch            List, create, or delete branches\n   commit            Record changes to the repository\n   merge             Join two or more development histories together\n   rebase            Reapply commits on top of another base tip\n   reset             Reset current HEAD to the specified state\n   switch            Switch branches\n   tag               Create, list, delete or verify a tag object signed with GPG\n\ncollaborate (see also: git help workflows)\n   fetch             Download objects and refs from another repository\n   pull              Fetch from and integrate with another repository or a local branch\n   push              Update remote refs along with associated objects\n\n'git help -a' and 'git help -g' list available subcommands and some\nconcept guides. See 'git help <command>' or 'git help <concept>'\nto read about a specific subcommand or concept.\nSee 'git help git' for an overview of the system.\n""
[0m14:01:17.567645 [debug] [MainThread]: STDERR: "b''"
[0m14:01:17.569936 [debug] [MainThread]: Acquiring new snowflake connection "debug"
[0m14:01:17.569936 [debug] [MainThread]: Using snowflake connection "debug"
[0m14:01:17.569936 [debug] [MainThread]: On debug: select 1 as id
[0m14:01:17.570985 [debug] [MainThread]: Opening a new connection, currently in state init
[0m14:01:20.197766 [debug] [MainThread]: SQL status: SUCCESS 1 in 2.63 seconds
[0m14:01:20.201043 [debug] [MainThread]: On debug: Close
[0m14:01:20.923576 [debug] [MainThread]: Sending event: {'category': 'dbt', 'action': 'invocation', 'label': 'end', 'context': [<snowplow_tracker.self_describing_json.SelfDescribingJson object at 0x000002D4A2D33D60>, <snowplow_tracker.self_describing_json.SelfDescribingJson object at 0x000002D4A2BBBA60>, <snowplow_tracker.self_describing_json.SelfDescribingJson object at 0x000002D4A0413640>]}
[0m14:01:20.924577 [debug] [MainThread]: Flushing usage events
[0m14:01:22.103016 [debug] [MainThread]: Connection 'debug' was properly closed.


============================== 2022-10-12 14:03:47.117644 | aaf967ab-ce99-44c2-b6ca-26465f9dd0cd ==============================
[0m14:03:47.117644 [info ] [MainThread]: Running with dbt=1.2.2
[0m14:03:47.117644 [debug] [MainThread]: running dbt with arguments {'write_json': True, 'use_colors': True, 'printer_width': 80, 'version_check': True, 'partial_parse': True, 'static_parser': True, 'profiles_dir': 'C:\\Users\\azato\\.dbt', 'send_anonymous_usage_stats': True, 'event_buffer_size': 100000, 'quiet': False, 'no_print': False, 'config_dir': False, 'which': 'debug', 'indirect_selection': 'eager'}
[0m14:03:47.117644 [debug] [MainThread]: Tracking: tracking
[0m14:03:47.125592 [debug] [MainThread]: Sending event: {'category': 'dbt', 'action': 'invocation', 'label': 'start', 'context': [<snowplow_tracker.self_describing_json.SelfDescribingJson object at 0x000001D6DE90CCA0>, <snowplow_tracker.self_describing_json.SelfDescribingJson object at 0x000001D6DE90C820>, <snowplow_tracker.self_describing_json.SelfDescribingJson object at 0x000001D6DE90CBE0>]}
[0m14:03:47.868611 [debug] [MainThread]: Executing "git --help"
[0m14:03:47.904581 [debug] [MainThread]: STDOUT: "b"usage: git [--version] [--help] [-C <path>] [-c <name>=<value>]\n           [--exec-path[=<path>]] [--html-path] [--man-path] [--info-path]\n           [-p | --paginate | -P | --no-pager] [--no-replace-objects] [--bare]\n           [--git-dir=<path>] [--work-tree=<path>] [--namespace=<name>]\n           [--super-prefix=<path>] [--config-env=<name>=<envvar>]\n           <command> [<args>]\n\nThese are common Git commands used in various situations:\n\nstart a working area (see also: git help tutorial)\n   clone             Clone a repository into a new directory\n   init              Create an empty Git repository or reinitialize an existing one\n\nwork on the current change (see also: git help everyday)\n   add               Add file contents to the index\n   mv                Move or rename a file, a directory, or a symlink\n   restore           Restore working tree files\n   rm                Remove files from the working tree and from the index\n   sparse-checkout   Initialize and modify the sparse-checkout\n\nexamine the history and state (see also: git help revisions)\n   bisect            Use binary search to find the commit that introduced a bug\n   diff              Show changes between commits, commit and working tree, etc\n   grep              Print lines matching a pattern\n   log               Show commit logs\n   show              Show various types of objects\n   status            Show the working tree status\n\ngrow, mark and tweak your common history\n   branch            List, create, or delete branches\n   commit            Record changes to the repository\n   merge             Join two or more development histories together\n   rebase            Reapply commits on top of another base tip\n   reset             Reset current HEAD to the specified state\n   switch            Switch branches\n   tag               Create, list, delete or verify a tag object signed with GPG\n\ncollaborate (see also: git help workflows)\n   fetch             Download objects and refs from another repository\n   pull              Fetch from and integrate with another repository or a local branch\n   push              Update remote refs along with associated objects\n\n'git help -a' and 'git help -g' list available subcommands and some\nconcept guides. See 'git help <command>' or 'git help <concept>'\nto read about a specific subcommand or concept.\nSee 'git help git' for an overview of the system.\n""
[0m14:03:47.905584 [debug] [MainThread]: STDERR: "b''"
[0m14:03:47.907581 [debug] [MainThread]: Acquiring new snowflake connection "debug"
[0m14:03:47.908795 [debug] [MainThread]: Using snowflake connection "debug"
[0m14:03:47.908795 [debug] [MainThread]: On debug: select 1 as id
[0m14:03:47.908795 [debug] [MainThread]: Opening a new connection, currently in state init
[0m14:03:50.520586 [debug] [MainThread]: SQL status: SUCCESS 1 in 2.61 seconds
[0m14:03:50.522585 [debug] [MainThread]: On debug: Close
[0m14:03:51.152625 [debug] [MainThread]: Sending event: {'category': 'dbt', 'action': 'invocation', 'label': 'end', 'context': [<snowplow_tracker.self_describing_json.SelfDescribingJson object at 0x000001D6EF761D90>, <snowplow_tracker.self_describing_json.SelfDescribingJson object at 0x000001D6ECFC3640>, <snowplow_tracker.self_describing_json.SelfDescribingJson object at 0x000001D6EF768910>]}
[0m14:03:51.153625 [debug] [MainThread]: Flushing usage events
[0m14:03:52.262956 [debug] [MainThread]: Connection 'debug' was properly closed.


============================== 2022-10-12 14:05:58.430169 | 0c96b126-3a9f-4bbf-baad-d198342d115a ==============================
[0m14:05:58.430169 [info ] [MainThread]: Running with dbt=1.2.2
[0m14:05:58.431169 [debug] [MainThread]: running dbt with arguments {'write_json': True, 'use_colors': True, 'printer_width': 80, 'version_check': True, 'partial_parse': True, 'static_parser': True, 'profiles_dir': 'C:\\Users\\azato\\.dbt', 'send_anonymous_usage_stats': True, 'event_buffer_size': 100000, 'quiet': False, 'no_print': False, 'config_dir': False, 'which': 'debug', 'indirect_selection': 'eager'}
[0m14:05:58.431169 [debug] [MainThread]: Tracking: tracking
[0m14:05:58.442712 [debug] [MainThread]: Sending event: {'category': 'dbt', 'action': 'invocation', 'label': 'start', 'context': [<snowplow_tracker.self_describing_json.SelfDescribingJson object at 0x0000023862BDCCA0>, <snowplow_tracker.self_describing_json.SelfDescribingJson object at 0x0000023862BDC820>, <snowplow_tracker.self_describing_json.SelfDescribingJson object at 0x0000023862BDCBE0>]}
[0m14:05:59.273618 [debug] [MainThread]: Executing "git --help"
[0m14:05:59.325320 [debug] [MainThread]: STDOUT: "b"usage: git [--version] [--help] [-C <path>] [-c <name>=<value>]\n           [--exec-path[=<path>]] [--html-path] [--man-path] [--info-path]\n           [-p | --paginate | -P | --no-pager] [--no-replace-objects] [--bare]\n           [--git-dir=<path>] [--work-tree=<path>] [--namespace=<name>]\n           [--super-prefix=<path>] [--config-env=<name>=<envvar>]\n           <command> [<args>]\n\nThese are common Git commands used in various situations:\n\nstart a working area (see also: git help tutorial)\n   clone             Clone a repository into a new directory\n   init              Create an empty Git repository or reinitialize an existing one\n\nwork on the current change (see also: git help everyday)\n   add               Add file contents to the index\n   mv                Move or rename a file, a directory, or a symlink\n   restore           Restore working tree files\n   rm                Remove files from the working tree and from the index\n   sparse-checkout   Initialize and modify the sparse-checkout\n\nexamine the history and state (see also: git help revisions)\n   bisect            Use binary search to find the commit that introduced a bug\n   diff              Show changes between commits, commit and working tree, etc\n   grep              Print lines matching a pattern\n   log               Show commit logs\n   show              Show various types of objects\n   status            Show the working tree status\n\ngrow, mark and tweak your common history\n   branch            List, create, or delete branches\n   commit            Record changes to the repository\n   merge             Join two or more development histories together\n   rebase            Reapply commits on top of another base tip\n   reset             Reset current HEAD to the specified state\n   switch            Switch branches\n   tag               Create, list, delete or verify a tag object signed with GPG\n\ncollaborate (see also: git help workflows)\n   fetch             Download objects and refs from another repository\n   pull              Fetch from and integrate with another repository or a local branch\n   push              Update remote refs along with associated objects\n\n'git help -a' and 'git help -g' list available subcommands and some\nconcept guides. See 'git help <command>' or 'git help <concept>'\nto read about a specific subcommand or concept.\nSee 'git help git' for an overview of the system.\n""
[0m14:05:59.325320 [debug] [MainThread]: STDERR: "b''"
[0m14:05:59.327460 [debug] [MainThread]: Acquiring new snowflake connection "debug"
[0m14:05:59.327460 [debug] [MainThread]: Using snowflake connection "debug"
[0m14:05:59.328655 [debug] [MainThread]: On debug: select 1 as id
[0m14:05:59.328655 [debug] [MainThread]: Opening a new connection, currently in state init
[0m14:06:01.288133 [debug] [MainThread]: SQL status: SUCCESS 1 in 1.96 seconds
[0m14:06:01.290132 [debug] [MainThread]: On debug: Close
[0m14:06:01.905037 [debug] [MainThread]: Sending event: {'category': 'dbt', 'action': 'invocation', 'label': 'end', 'context': [<snowplow_tracker.self_describing_json.SelfDescribingJson object at 0x00000238739F0D90>, <snowplow_tracker.self_describing_json.SelfDescribingJson object at 0x0000023871282640>, <snowplow_tracker.self_describing_json.SelfDescribingJson object at 0x0000023873A28910>]}
[0m14:06:01.906038 [debug] [MainThread]: Flushing usage events
[0m14:06:03.231623 [debug] [MainThread]: Connection 'debug' was properly closed.


============================== 2022-10-12 14:07:33.553092 | 937e0540-0ab9-41d0-89a3-6d4c4b33e839 ==============================
[0m14:07:33.553092 [info ] [MainThread]: Running with dbt=1.2.2
[0m14:07:33.554092 [debug] [MainThread]: running dbt with arguments {'write_json': True, 'use_colors': True, 'printer_width': 80, 'version_check': True, 'partial_parse': True, 'static_parser': True, 'profiles_dir': 'C:\\Users\\azato\\.dbt', 'send_anonymous_usage_stats': True, 'event_buffer_size': 100000, 'quiet': False, 'no_print': False, 'config_dir': False, 'which': 'debug', 'indirect_selection': 'eager'}
[0m14:07:33.554092 [debug] [MainThread]: Tracking: tracking
[0m14:07:33.563093 [debug] [MainThread]: Sending event: {'category': 'dbt', 'action': 'invocation', 'label': 'start', 'context': [<snowplow_tracker.self_describing_json.SelfDescribingJson object at 0x0000024844C8CC40>, <snowplow_tracker.self_describing_json.SelfDescribingJson object at 0x0000024844C8C7C0>, <snowplow_tracker.self_describing_json.SelfDescribingJson object at 0x0000024844C8CB80>]}
[0m14:07:34.385694 [debug] [MainThread]: Executing "git --help"
[0m14:07:34.431571 [debug] [MainThread]: STDOUT: "b"usage: git [--version] [--help] [-C <path>] [-c <name>=<value>]\n           [--exec-path[=<path>]] [--html-path] [--man-path] [--info-path]\n           [-p | --paginate | -P | --no-pager] [--no-replace-objects] [--bare]\n           [--git-dir=<path>] [--work-tree=<path>] [--namespace=<name>]\n           [--super-prefix=<path>] [--config-env=<name>=<envvar>]\n           <command> [<args>]\n\nThese are common Git commands used in various situations:\n\nstart a working area (see also: git help tutorial)\n   clone             Clone a repository into a new directory\n   init              Create an empty Git repository or reinitialize an existing one\n\nwork on the current change (see also: git help everyday)\n   add               Add file contents to the index\n   mv                Move or rename a file, a directory, or a symlink\n   restore           Restore working tree files\n   rm                Remove files from the working tree and from the index\n   sparse-checkout   Initialize and modify the sparse-checkout\n\nexamine the history and state (see also: git help revisions)\n   bisect            Use binary search to find the commit that introduced a bug\n   diff              Show changes between commits, commit and working tree, etc\n   grep              Print lines matching a pattern\n   log               Show commit logs\n   show              Show various types of objects\n   status            Show the working tree status\n\ngrow, mark and tweak your common history\n   branch            List, create, or delete branches\n   commit            Record changes to the repository\n   merge             Join two or more development histories together\n   rebase            Reapply commits on top of another base tip\n   reset             Reset current HEAD to the specified state\n   switch            Switch branches\n   tag               Create, list, delete or verify a tag object signed with GPG\n\ncollaborate (see also: git help workflows)\n   fetch             Download objects and refs from another repository\n   pull              Fetch from and integrate with another repository or a local branch\n   push              Update remote refs along with associated objects\n\n'git help -a' and 'git help -g' list available subcommands and some\nconcept guides. See 'git help <command>' or 'git help <concept>'\nto read about a specific subcommand or concept.\nSee 'git help git' for an overview of the system.\n""
[0m14:07:34.431571 [debug] [MainThread]: STDERR: "b''"
[0m14:07:34.435284 [debug] [MainThread]: Acquiring new snowflake connection "debug"
[0m14:07:34.435284 [debug] [MainThread]: Using snowflake connection "debug"
[0m14:07:34.435284 [debug] [MainThread]: On debug: select 1 as id
[0m14:07:34.435284 [debug] [MainThread]: Opening a new connection, currently in state init
[0m14:07:36.642512 [debug] [MainThread]: SQL status: SUCCESS 1 in 2.21 seconds
[0m14:07:36.644511 [debug] [MainThread]: On debug: Close
[0m14:07:37.174006 [debug] [MainThread]: Sending event: {'category': 'dbt', 'action': 'invocation', 'label': 'end', 'context': [<snowplow_tracker.self_describing_json.SelfDescribingJson object at 0x000002483EB6FF10>, <snowplow_tracker.self_describing_json.SelfDescribingJson object at 0x0000024855AE8550>, <snowplow_tracker.self_describing_json.SelfDescribingJson object at 0x0000024855AE84F0>]}
[0m14:07:37.174006 [debug] [MainThread]: Flushing usage events
[0m14:07:38.259401 [debug] [MainThread]: Connection 'debug' was properly closed.
